# JRE version: Java(TM) SE Runtime Environment (8.0_144-b01) (build 1.8.0_144-b01)
# Java VM: Java HotSpot(TM) 64-Bit Server VM (25.144-b01 mixed mode windows-amd64 compressed oops)
Heap:
 PSYoungGen      total 124416K, used 49698K [0x00000000d5900000, 0x00000000ded00000, 0x0000000100000000)
  eden space 115712K, 35% used [0x00000000d5900000,0x00000000d8125dc0,0x00000000dca00000)
  from space 8704K, 98% used [0x00000000de480000,0x00000000dece2a40,0x00000000ded00000)
  to   space 10752K, 0% used [0x00000000dd800000,0x00000000dd800000,0x00000000de280000)
 ParOldGen       total 54272K, used 9391K [0x0000000080a00000, 0x0000000083f00000, 0x00000000d5900000)
  object space 54272K, 17% used [0x0000000080a00000,0x000000008132be38,0x0000000083f00000)
 Metaspace       used 24627K, capacity 25436K, committed 25472K, reserved 1071104K
  class space    used 3262K, capacity 3456K, committed 3456K, reserved 1048576K
GC Heap History (10 events):
Event: 1.635 GC heap before
{Heap before GC invocations=3 (full 0):
 PSYoungGen      total 38400K, used 36965K [0x00000000d5900000, 0x00000000da400000, 0x0000000100000000)
  eden space 33280K, 100% used [0x00000000d5900000,0x00000000d7980000,0x00000000d7980000)
  from space 5120K, 71% used [0x00000000d7e80000,0x00000000d8219530,0x00000000d8380000)
  to   space 5120K, 0% used [0x00000000d7980000,0x00000000d7980000,0x00000000d7e80000)
 ParOldGen       total 87552K, used 24K [0x0000000080a00000, 0x0000000085f80000, 0x00000000d5900000)
  object space 87552K, 0% used [0x0000000080a00000,0x0000000080a06000,0x0000000085f80000)
 Metaspace       used 14084K, capacity 14568K, committed 14848K, reserved 1062912K
  class space    used 1811K, capacity 1939K, committed 2048K, reserved 1048576K
Event: 1.640 GC heap after
Heap after GC invocations=3 (full 0):
 PSYoungGen      total 38400K, used 5101K [0x00000000d5900000, 0x00000000da400000, 0x0000000100000000)
  eden space 33280K, 0% used [0x00000000d5900000,0x00000000d5900000,0x00000000d7980000)
  from space 5120K, 99% used [0x00000000d7980000,0x00000000d7e7b7c8,0x00000000d7e80000)
  to   space 5120K, 0% used [0x00000000d9f00000,0x00000000d9f00000,0x00000000da400000)
 ParOldGen       total 87552K, used 210K [0x0000000080a00000, 0x0000000085f80000, 0x00000000d5900000)
  object space 87552K, 0% used [0x0000000080a00000,0x0000000080a349d0,0x0000000085f80000)
 Metaspace       used 14084K, capacity 14568K, committed 14848K, reserved 1062912K
  class space    used 1811K, capacity 1939K, committed 2048K, reserved 1048576K
}
Event: 1.791 GC heap before
{Heap before GC invocations=4 (full 0):
 PSYoungGen      total 38400K, used 38381K [0x00000000d5900000, 0x00000000da400000, 0x0000000100000000)
  eden space 33280K, 100% used [0x00000000d5900000,0x00000000d7980000,0x00000000d7980000)
  from space 5120K, 99% used [0x00000000d7980000,0x00000000d7e7b7c8,0x00000000d7e80000)
  to   space 5120K, 0% used [0x00000000d9f00000,0x00000000d9f00000,0x00000000da400000)
 ParOldGen       total 87552K, used 211K [0x0000000080a00000, 0x0000000085f80000, 0x00000000d5900000)
  object space 87552K, 0% used [0x0000000080a00000,0x0000000080a34de0,0x0000000085f80000)
 Metaspace       used 16160K, capacity 16680K, committed 16768K, reserved 1062912K
  class space    used 2199K, capacity 2381K, committed 2432K, reserved 1048576K
Event: 1.801 GC heap after
Heap after GC invocations=4 (full 0):
 PSYoungGen      total 71680K, used 5098K [0x00000000d5900000, 0x00000000da400000, 0x0000000100000000)
  eden space 66560K, 0% used [0x00000000d5900000,0x00000000d5900000,0x00000000d9a00000)
  from space 5120K, 99% used [0x00000000d9f00000,0x00000000da3fab50,0x00000000da400000)
  to   space 5120K, 0% used [0x00000000d9a00000,0x00000000d9a00000,0x00000000d9f00000)
 ParOldGen       total 87552K, used 1250K [0x0000000080a00000, 0x0000000085f80000, 0x00000000d5900000)
  object space 87552K, 1% used [0x0000000080a00000,0x0000000080b38b80,0x0000000085f80000)
 Metaspace       used 16160K, capacity 16680K, committed 16768K, reserved 1062912K
  class space    used 2199K, capacity 2381K, committed 2432K, reserved 1048576K
}
Event: 2.021 GC heap before
{Heap before GC invocations=5 (full 0):
 PSYoungGen      total 71680K, used 49803K [0x00000000d5900000, 0x00000000da400000, 0x0000000100000000)
  eden space 66560K, 67% used [0x00000000d5900000,0x00000000d84a8348,0x00000000d9a00000)
  from space 5120K, 99% used [0x00000000d9f00000,0x00000000da3fab50,0x00000000da400000)
  to   space 5120K, 0% used [0x00000000d9a00000,0x00000000d9a00000,0x00000000d9f00000)
 ParOldGen       total 87552K, used 1250K [0x0000000080a00000, 0x0000000085f80000, 0x00000000d5900000)
  object space 87552K, 1% used [0x0000000080a00000,0x0000000080b38b80,0x0000000085f80000)
 Metaspace       used 20610K, capacity 21206K, committed 21296K, reserved 1067008K
  class space    used 2726K, capacity 2910K, committed 2944K, reserved 1048576K
Event: 2.031 GC heap after
Heap after GC invocations=5 (full 0):
 PSYoungGen      total 71680K, used 5105K [0x00000000d5900000, 0x00000000dee00000, 0x0000000100000000)
  eden space 66560K, 0% used [0x00000000d5900000,0x00000000d5900000,0x00000000d9a00000)
  from space 5120K, 99% used [0x00000000d9a00000,0x00000000d9efc650,0x00000000d9f00000)
  to   space 9728K, 0% used [0x00000000de480000,0x00000000de480000,0x00000000dee00000)
 ParOldGen       total 87552K, used 5627K [0x0000000080a00000, 0x0000000085f80000, 0x00000000d5900000)
  object space 87552K, 6% used [0x0000000080a00000,0x0000000080f7ed28,0x0000000085f80000)
 Metaspace       used 20610K, capacity 21206K, committed 21296K, reserved 1067008K
  class space    used 2726K, capacity 2910K, committed 2944K, reserved 1048576K
}
Event: 2.031 GC heap before
{Heap before GC invocations=6 (full 1):
 PSYoungGen      total 71680K, used 5105K [0x00000000d5900000, 0x00000000dee00000, 0x0000000100000000)
  eden space 66560K, 0% used [0x00000000d5900000,0x00000000d5900000,0x00000000d9a00000)
  from space 5120K, 99% used [0x00000000d9a00000,0x00000000d9efc650,0x00000000d9f00000)
  to   space 9728K, 0% used [0x00000000de480000,0x00000000de480000,0x00000000dee00000)
 ParOldGen       total 87552K, used 5627K [0x0000000080a00000, 0x0000000085f80000, 0x00000000d5900000)
  object space 87552K, 6% used [0x0000000080a00000,0x0000000080f7ed28,0x0000000085f80000)
 Metaspace       used 20610K, capacity 21206K, committed 21296K, reserved 1067008K
  class space    used 2726K, capacity 2910K, committed 2944K, reserved 1048576K
Event: 2.057 GC heap after
Heap after GC invocations=6 (full 1):
 PSYoungGen      total 71680K, used 0K [0x00000000d5900000, 0x00000000dee00000, 0x0000000100000000)
  eden space 66560K, 0% used [0x00000000d5900000,0x00000000d5900000,0x00000000d9a00000)
  from space 5120K, 0% used [0x00000000d9a00000,0x00000000d9a00000,0x00000000d9f00000)
  to   space 9728K, 0% used [0x00000000de480000,0x00000000de480000,0x00000000dee00000)
 ParOldGen       total 54272K, used 9243K [0x0000000080a00000, 0x0000000083f00000, 0x00000000d5900000)
  object space 54272K, 17% used [0x0000000080a00000,0x0000000081306f30,0x0000000083f00000)
 Metaspace       used 20610K, capacity 21206K, committed 21296K, reserved 1067008K
  class space    used 2726K, capacity 2910K, committed 2944K, reserved 1048576K
}
Event: 2.605 GC heap before
{Heap before GC invocations=7 (full 1):
 PSYoungGen      total 71680K, used 66560K [0x00000000d5900000, 0x00000000dee00000, 0x0000000100000000)
  eden space 66560K, 100% used [0x00000000d5900000,0x00000000d9a00000,0x00000000d9a00000)
  from space 5120K, 0% used [0x00000000d9a00000,0x00000000d9a00000,0x00000000d9f00000)
  to   space 9728K, 0% used [0x00000000de480000,0x00000000de480000,0x00000000dee00000)
 ParOldGen       total 54272K, used 9319K [0x0000000080a00000, 0x0000000083f00000, 0x00000000d5900000)
  object space 54272K, 17% used [0x0000000080a00000,0x0000000081319e28,0x0000000083f00000)
 Metaspace       used 24470K, capacity 25200K, committed 25472K, reserved 1071104K
  class space    used 3245K, capacity 3422K, committed 3456K, reserved 1048576K
Event: 2.613 GC heap after
Heap after GC invocations=7 (full 1):
 PSYoungGen      total 124416K, used 8586K [0x00000000d5900000, 0x00000000ded00000, 0x0000000100000000)
  eden space 115712K, 0% used [0x00000000d5900000,0x00000000d5900000,0x00000000dca00000)
  from space 8704K, 98% used [0x00000000de480000,0x00000000dece2a40,0x00000000ded00000)
  to   space 10752K, 0% used [0x00000000dd800000,0x00000000dd800000,0x00000000de280000)
 ParOldGen       total 54272K, used 9391K [0x0000000080a00000, 0x0000000083f00000, 0x00000000d5900000)
  object space 54272K, 17% used [0x0000000080a00000,0x000000008132be38,0x0000000083f00000)
 Metaspace       used 24470K, capacity 25200K, committed 25472K, reserved 1071104K
  class space    used 3245K, capacity 3422K, committed 3456K, reserved 1048576K
}

